# JRE version: OpenJDK Runtime Environment (8.0) (build 1.8.0-25-microsoft-b00)
# Java VM: OpenJDK 64-Bit Server VM (25.71-b00 mixed mode windows-amd64 compressed oops)
Heap:
 PSYoungGen      total 29696K, used 15695K [0x0000000715b00000, 0x0000000718680000, 0x00000007c0000000)
  eden space 15872K, 47% used [0x0000000715b00000,0x000000071625fb48,0x0000000716a80000)
  from space 13824K, 58% used [0x0000000716a80000,0x00000007172743d0,0x0000000717800000)
  to   space 13824K, 0% used [0x0000000717900000,0x0000000717900000,0x0000000718680000)
 ParOldGen       total 35840K, used 24742K [0x00000005c1000000, 0x00000005c3300000, 0x0000000715b00000)
  object space 35840K, 69% used [0x00000005c1000000,0x00000005c2829860,0x00000005c3300000)
 Metaspace       used 9826K, capacity 10304K, committed 10496K, reserved 1058816K
  class space    used 998K, capacity 1012K, committed 1024K, reserved 1048576K
GC Heap History (10 events):
Event: 2.601 GC heap before
{Heap before GC invocations=12 (full 2):
 PSYoungGen      total 25088K, used 22710K [0x0000000715b00000, 0x0000000717c00000, 0x00000007c0000000)
  eden space 17408K, 100% used [0x0000000715b00000,0x0000000716c00000,0x0000000716c00000)
  from space 7680K, 69% used [0x0000000716c00000,0x000000071712d948,0x0000000717380000)
  to   space 8192K, 0% used [0x0000000717400000,0x0000000717400000,0x0000000717c00000)
 ParOldGen       total 21504K, used 11876K [0x00000005c1000000, 0x00000005c2500000, 0x0000000715b00000)
  object space 21504K, 55% used [0x00000005c1000000,0x00000005c1b99308,0x00000005c2500000)
 Metaspace       used 7884K, capacity 8724K, committed 8960K, reserved 1056768K
  class space    used 876K, capacity 912K, committed 1024K, reserved 1048576K
Event: 2.605 GC heap after
Heap after GC invocations=12 (full 2):
 PSYoungGen      total 23040K, used 8163K [0x0000000715b00000, 0x0000000718280000, 0x00000007c0000000)
  eden space 14848K, 0% used [0x0000000715b00000,0x0000000715b00000,0x0000000716980000)
  from space 8192K, 99% used [0x0000000717400000,0x0000000717bf8d78,0x0000000717c00000)
  to   space 10752K, 0% used [0x0000000716980000,0x0000000716980000,0x0000000717400000)
 ParOldGen       total 21504K, used 15698K [0x00000005c1000000, 0x00000005c2500000, 0x0000000715b00000)
  object space 21504K, 73% used [0x00000005c1000000,0x00000005c1f54928,0x00000005c2500000)
 Metaspace       used 7884K, capacity 8724K, committed 8960K, reserved 1056768K
  class space    used 876K, capacity 912K, committed 1024K, reserved 1048576K
}
Event: 2.703 GC heap before
{Heap before GC invocations=13 (full 2):
 PSYoungGen      total 23040K, used 23011K [0x0000000715b00000, 0x0000000718280000, 0x00000007c0000000)
  eden space 14848K, 100% used [0x0000000715b00000,0x0000000716980000,0x0000000716980000)
  from space 8192K, 99% used [0x0000000717400000,0x0000000717bf8d78,0x0000000717c00000)
  to   space 10752K, 0% used [0x0000000716980000,0x0000000716980000,0x0000000717400000)
 ParOldGen       total 21504K, used 15698K [0x00000005c1000000, 0x00000005c2500000, 0x0000000715b00000)
  object space 21504K, 73% used [0x00000005c1000000,0x00000005c1f54928,0x00000005c2500000)
 Metaspace       used 8014K, capacity 8852K, committed 9216K, reserved 1056768K
  class space    used 878K, capacity 912K, committed 1024K, reserved 1048576K
Event: 2.707 GC heap after
Heap after GC invocations=13 (full 2):
 PSYoungGen      total 25600K, used 10751K [0x0000000715b00000, 0x0000000718600000, 0x00000007c0000000)
  eden space 14848K, 0% used [0x0000000715b00000,0x0000000715b00000,0x0000000716980000)
  from space 10752K, 99% used [0x0000000716980000,0x00000007173ffda0,0x0000000717400000)
  to   space 13824K, 0% used [0x0000000717880000,0x0000000717880000,0x0000000718600000)
 ParOldGen       total 21504K, used 18876K [0x00000005c1000000, 0x00000005c2500000, 0x0000000715b00000)
  object space 21504K, 87% used [0x00000005c1000000,0x00000005c226f390,0x00000005c2500000)
 Metaspace       used 8014K, capacity 8852K, committed 9216K, reserved 1056768K
  class space    used 878K, capacity 912K, committed 1024K, reserved 1048576K
}
Event: 2.707 GC heap before
{Heap before GC invocations=14 (full 3):
 PSYoungGen      total 25600K, used 10751K [0x0000000715b00000, 0x0000000718600000, 0x00000007c0000000)
  eden space 14848K, 0% used [0x0000000715b00000,0x0000000715b00000,0x0000000716980000)
  from space 10752K, 99% used [0x0000000716980000,0x00000007173ffda0,0x0000000717400000)
  to   space 13824K, 0% used [0x0000000717880000,0x0000000717880000,0x0000000718600000)
 ParOldGen       total 21504K, used 18876K [0x00000005c1000000, 0x00000005c2500000, 0x0000000715b00000)
  object space 21504K, 87% used [0x00000005c1000000,0x00000005c226f390,0x00000005c2500000)
 Metaspace       used 8014K, capacity 8852K, committed 9216K, reserved 1056768K
  class space    used 878K, capacity 912K, committed 1024K, reserved 1048576K
Event: 2.811 GC heap after
Heap after GC invocations=14 (full 3):
 PSYoungGen      total 25600K, used 6076K [0x0000000715b00000, 0x0000000718600000, 0x00000007c0000000)
  eden space 14848K, 0% used [0x0000000715b00000,0x0000000715b00000,0x0000000716980000)
  from space 10752K, 56% used [0x0000000716980000,0x0000000716f6f368,0x0000000717400000)
  to   space 13824K, 0% used [0x0000000717880000,0x0000000717880000,0x0000000718600000)
 ParOldGen       total 35840K, used 21183K [0x00000005c1000000, 0x00000005c3300000, 0x0000000715b00000)
  object space 35840K, 59% used [0x00000005c1000000,0x00000005c24afc98,0x00000005c3300000)
 Metaspace       used 8014K, capacity 8852K, committed 9216K, reserved 1056768K
  class space    used 878K, capacity 912K, committed 1024K, reserved 1048576K
}
Event: 3.125 GC heap before
{Heap before GC invocations=15 (full 3):
 PSYoungGen      total 25600K, used 20924K [0x0000000715b00000, 0x0000000718600000, 0x00000007c0000000)
  eden space 14848K, 100% used [0x0000000715b00000,0x0000000716980000,0x0000000716980000)
  from space 10752K, 56% used [0x0000000716980000,0x0000000716f6f368,0x0000000717400000)
  to   space 13824K, 0% used [0x0000000717880000,0x0000000717880000,0x0000000718600000)
 ParOldGen       total 35840K, used 21183K [0x00000005c1000000, 0x00000005c3300000, 0x0000000715b00000)
  object space 35840K, 59% used [0x00000005c1000000,0x00000005c24afc98,0x00000005c3300000)
 Metaspace       used 9217K, capacity 9728K, committed 9984K, reserved 1058816K
  class space    used 997K, capacity 1012K, committed 1024K, reserved 1048576K
Event: 3.129 GC heap after
Heap after GC invocations=15 (full 3):
 PSYoungGen      total 29184K, used 6437K [0x0000000715b00000, 0x0000000718580000, 0x00000007c0000000)
  eden space 15872K, 0% used [0x0000000715b00000,0x0000000715b00000,0x0000000716a80000)
  from space 13312K, 48% used [0x0000000717880000,0x0000000717ec9688,0x0000000718580000)
  to   space 13824K, 0% used [0x0000000716a80000,0x0000000716a80000,0x0000000717800000)
 ParOldGen       total 35840K, used 24734K [0x00000005c1000000, 0x00000005c3300000, 0x0000000715b00000)
  object space 35840K, 69% used [0x00000005c1000000,0x00000005c2827860,0x00000005c3300000)
 Metaspace       used 9217K, capacity 9728K, committed 9984K, reserved 1058816K
  class space    used 997K, capacity 1012K, committed 1024K, reserved 1048576K
}
Event: 3.887 GC heap before
{Heap before GC invocations=16 (full 3):
 PSYoungGen      total 29184K, used 22309K [0x0000000715b00000, 0x0000000718580000, 0x00000007c0000000)
  eden space 15872K, 100% used [0x0000000715b00000,0x0000000716a80000,0x0000000716a80000)
  from space 13312K, 48% used [0x0000000717880000,0x0000000717ec9688,0x0000000718580000)
  to   space 13824K, 0% used [0x0000000716a80000,0x0000000716a80000,0x0000000717800000)
 ParOldGen       total 35840K, used 24734K [0x00000005c1000000, 0x00000005c3300000, 0x0000000715b00000)
  object space 35840K, 69% used [0x00000005c1000000,0x00000005c2827860,0x00000005c3300000)
 Metaspace       used 9743K, capacity 10176K, committed 10240K, reserved 1058816K
  class space    used 998K, capacity 1012K, committed 1024K, reserved 1048576K
Event: 3.891 GC heap after
Heap after GC invocations=16 (full 3):
 PSYoungGen      total 29696K, used 8144K [0x0000000715b00000, 0x0000000718680000, 0x00000007c0000000)
  eden space 15872K, 0% used [0x0000000715b00000,0x0000000715b00000,0x0000000716a80000)
  from space 13824K, 58% used [0x0000000716a80000,0x00000007172743d0,0x0000000717800000)
  to   space 13824K, 0% used [0x0000000717900000,0x0000000717900000,0x0000000718680000)
 ParOldGen       total 35840K, used 24742K [0x00000005c1000000, 0x00000005c3300000, 0x0000000715b00000)
  object space 35840K, 69% used [0x00000005c1000000,0x00000005c2829860,0x00000005c3300000)
 Metaspace       used 9743K, capacity 10176K, committed 10240K, reserved 1058816K
  class space    used 998K, capacity 1012K, committed 1024K, reserved 1048576K
}

